<?xml version="1.0" encoding="UTF-8"?>
<!-- Generated by org.testng.reporters.JUnitReportReporter -->
<testsuite skipped="0" hostname="LAPTOP-0NV2K68R" name="TestScript.TestScript" tests="1" failures="0" timestamp="01 Sep 2020 10:14:20 GMT" time="59.737" errors="0">
  <testcase name="testExecution" time="59.737" classname="TestScript.TestScript"/>
</testsuite> <!-- TestScript.TestScript -->
